<?xml version="1.0" encoding="UTF-8"?>
<!-- Generated by org.testng.reporters.JUnitXMLReporter -->
<testsuite hostname="LAPTOP-FMAA3SP7" ignored="0" name="TestChrome" tests="3" failures="0" timestamp="2020-04-12T19:02:42 COT" time="17.391" errors="0">
  <testcase name="test1" time="9.714" classname="demo.TestNGMultiBrowserDemo"/>
  <testcase name="test1" time="7.21" classname="demo.TestNGMultiBrowserDemo"/>
  <testcase name="test1" time="6.864" classname="demo.TestNGMultiBrowserDemo"/>
</testsuite> <!-- TestChrome -->
